<?xml version="1.0" encoding="UTF-8"?>
<testng-results ignored="0" total="3" passed="3" failed="0" skipped="0">
  <reporter-output>
  </reporter-output>
  <suite started-at="2026-04-20T12:23:08 IST" name="Default suite" finished-at="2026-04-20T12:23:37 IST" duration-ms="29820">
    <groups>
      <group name="cucumber">
        <method signature="AbstractTestNGCucumberTests.runScenario(io.cucumber.testng.PickleWrapper,io.cucumber.testng.FeatureWrapper)[pri:0, instance:com.framework.runner.TestRunner@47c81abf]" name="runScenario" class="io.cucumber.testng.AbstractTestNGCucumberTests"/>
      </group> <!-- cucumber -->
    </groups>
    <test started-at="2026-04-20T12:23:08 IST" name="Default test" finished-at="2026-04-20T12:23:37 IST" duration-ms="29820">
      <class name="com.framework.runner.TestRunner">
        <test-method is-config="true" signature="setUpClass(org.testng.ITestContext)[pri:0, instance:com.framework.runner.TestRunner@47c81abf]" started-at="2026-04-20T12:23:08 IST" name="setUpClass" finished-at="2026-04-20T12:23:13 IST" duration-ms="5642" status="PASS">
          <params>
            <param index="0">
              <value>
                <![CDATA[org.testng.TestRunner@949c598]]>
              </value>
            </param>
          </params>
          <reporter-output>
          </reporter-output>
        </test-method> <!-- setUpClass -->
        <test-method signature="runScenario(io.cucumber.testng.PickleWrapper,io.cucumber.testng.FeatureWrapper)[pri:0, instance:com.framework.runner.TestRunner@47c81abf]" started-at="2026-04-20T12:23:13 IST" name="runScenario" description="Runs Cucumber Scenarios" data-provider="scenarios" finished-at="2026-04-20T12:23:23 IST" duration-ms="9935" status="PASS">
          <params>
            <param index="0">
              <value>
                <![CDATA["Verify bookshelves under price limit"]]>
              </value>
            </param>
            <param index="1">
              <value>
                <![CDATA["Urban Ladder Validation"]]>
              </value>
            </param>
          </params>
          <reporter-output>
          </reporter-output>
        </test-method> <!-- runScenario -->
        <test-method signature="runScenario(io.cucumber.testng.PickleWrapper,io.cucumber.testng.FeatureWrapper)[pri:0, instance:com.framework.runner.TestRunner@47c81abf]" started-at="2026-04-20T12:23:23 IST" name="runScenario" description="Runs Cucumber Scenarios" data-provider="scenarios" finished-at="2026-04-20T12:23:25 IST" duration-ms="2104" status="PASS">
          <params>
            <param index="0">
              <value>
                <![CDATA["Verify sofa categories"]]>
              </value>
            </param>
            <param index="1">
              <value>
                <![CDATA["Urban Ladder Validation"]]>
              </value>
            </param>
          </params>
          <reporter-output>
          </reporter-output>
        </test-method> <!-- runScenario -->
        <test-method signature="runScenario(io.cucumber.testng.PickleWrapper,io.cucumber.testng.FeatureWrapper)[pri:0, instance:com.framework.runner.TestRunner@47c81abf]" started-at="2026-04-20T12:23:25 IST" name="runScenario" description="Runs Cucumber Scenarios" data-provider="scenarios" finished-at="2026-04-20T12:23:34 IST" duration-ms="8710" status="PASS">
          <params>
            <param index="0">
              <value>
                <![CDATA["Verify gift card invalid email"]]>
              </value>
            </param>
            <param index="1">
              <value>
                <![CDATA["Urban Ladder Validation"]]>
              </value>
            </param>
          </params>
          <reporter-output>
          </reporter-output>
        </test-method> <!-- runScenario -->
        <test-method is-config="true" signature="tearDownClass()[pri:0, instance:com.framework.runner.TestRunner@47c81abf]" started-at="2026-04-20T12:23:34 IST" name="tearDownClass" finished-at="2026-04-20T12:23:37 IST" duration-ms="3358" status="PASS">
          <reporter-output>
          </reporter-output>
        </test-method> <!-- tearDownClass -->
      </class> <!-- com.framework.runner.TestRunner -->
    </test> <!-- Default test -->
  </suite> <!-- Default suite -->
</testng-results>
