<?xml version="1.0" encoding="UTF-8"?>
<!-- Generated by org.testng.reporters.JUnitReportReporter -->
<testsuite hostname="LTIN690550" failures="0" tests="3" name="com.framework.runner.TestRunner" time="20.749" errors="0" timestamp="2026-04-20T12:23:38 IST" skipped="0">
  <testcase classname="com.framework.runner.TestRunner" name="runScenario" time="8.710"/>
  <testcase classname="com.framework.runner.TestRunner" name="runScenario" time="9.935"/>
  <testcase classname="com.framework.runner.TestRunner" name="runScenario" time="2.104"/>
</testsuite> <!-- com.framework.runner.TestRunner -->
